Using pre-set license
Built from '2020.2/staging' branch; Version is '2020.2.7f1 (c53830e277f1) revision 12924976'; Using compiler version '192528614'; Build Type 'Release'
OS: 'Windows 10 Home; OS build 19042.928; Version 2009; 64bit' Language: 'en' Physical Memory: 16282 MB
BatchMode: 1, IsHumanControllingUs: 0, StartBugReporterOnCrash: 0, Is64bit: 1, IsPro: 0

 COMMAND LINE ARGUMENTS:
C:\Program Files\Unity\Hub\Editor\2020.2.7f1\Editor\Unity.exe
-adb2
-batchMode
-noUpm
-name
AssetImportWorker0
-projectPath
C:/Users/Ben Remez/Documents/Unity Projects/Project2_Sunday_Aviv2021
-logFile
Logs/AssetImportWorker0.log
-srvPort
58791
Successfully changed project path to: C:/Users/Ben Remez/Documents/Unity Projects/Project2_Sunday_Aviv2021
C:/Users/Ben Remez/Documents/Unity Projects/Project2_Sunday_Aviv2021
Using Asset Import Pipeline V2.
Refreshing native plugins compatible for Editor in 33.47 ms, found 0 plugins.
Preloading 0 native plugins for Editor in 0.00 ms.
Initialize engine version: 2020.2.7f1 (c53830e277f1)
[Subsystems] Discovering subsystems at path C:/Program Files/Unity/Hub/Editor/2020.2.7f1/Editor/Data/Resources/UnitySubsystems
[Subsystems] Discovering subsystems at path C:/Users/Ben Remez/Documents/Unity Projects/Project2_Sunday_Aviv2021/Assets
GfxDevice: creating device client; threaded=0
Direct3D:
    Version:  Direct3D 11.0 [level 11.1]
    Renderer: NVIDIA GeForce RTX 2070 with Max-Q Design (ID=0x1f10)
    Vendor:   
    VRAM:     8031 MB
    Driver:   27.21.14.5638
Initialize mono
Mono path[0] = 'C:/Program Files/Unity/Hub/Editor/2020.2.7f1/Editor/Data/Managed'
Mono path[1] = 'C:/Program Files/Unity/Hub/Editor/2020.2.7f1/Editor/Data/MonoBleedingEdge/lib/mono/unityjit'
Mono config path = 'C:/Program Files/Unity/Hub/Editor/2020.2.7f1/Editor/Data/MonoBleedingEdge/etc'
Using monoOptions --debugger-agent=transport=dt_socket,embedding=1,server=y,suspend=n,address=127.0.0.1:56444
Begin MonoManager ReloadAssembly
Registering precompiled unity dll's ...
Register platform support module: C:/Program Files/Unity/Hub/Editor/2020.2.7f1/Editor/Data/PlaybackEngines/MacStandaloneSupport/UnityEditor.OSXStandalone.Extensions.dll
Register platform support module: C:/Program Files/Unity/Hub/Editor/2020.2.7f1/Editor/Data/PlaybackEngines/WindowsStandaloneSupport/UnityEditor.WindowsStandalone.Extensions.dll
Register platform support module: C:/Program Files/Unity/Hub/Editor/2020.2.7f1/Editor/Data/PlaybackEngines/LinuxStandaloneSupport/UnityEditor.LinuxStandalone.Extensions.dll
Registered in 0.005212 seconds.
Native extension for LinuxStandalone target not found
Native extension for WindowsStandalone target not found
Native extension for OSXStandalone target not found
Refreshing native plugins compatible for Editor in 30.84 ms, found 0 plugins.
Preloading 0 native plugins for Editor in 0.00 ms.
Invoked RoslynAnalysisRunner static constructor.
RoslynAnalysisRunner will not be running.
RoslynAnalysisRunner has terminated.
Mono: successfully reloaded assembly
- Completed reload, in  2.088 seconds
Platform modules already initialized, skipping
Registering precompiled user dll's ...
Registered in 0.000725 seconds.
Begin MonoManager ReloadAssembly
Native extension for LinuxStandalone target not found
Native extension for WindowsStandalone target not found
Native extension for OSXStandalone target not found
Refreshing native plugins compatible for Editor in 0.22 ms, found 0 plugins.
Preloading 0 native plugins for Editor in 0.00 ms.
Invoked RoslynAnalysisRunner static constructor.
RoslynAnalysisRunner will not be running.
RoslynAnalysisRunner has terminated.
Mono: successfully reloaded assembly
- Completed reload, in  0.915 seconds
Platform modules already initialized, skipping
========================================================================
Worker process is ready to serve import requests
Launched and connected shader compiler UnityShaderCompiler.exe after 0.05 seconds
Refreshing native plugins compatible for Editor in 0.48 ms, found 0 plugins.
Preloading 0 native plugins for Editor in 0.00 ms.
Unloading 1123 Unused Serialized files (Serialized files now loaded: 0)
System memory in use before: 60.3 MB.
System memory in use after: 60.4 MB.

Unloading 9 unused Assets to reduce memory usage. Loaded Objects now: 1576.
Total: 1.549500 ms (FindLiveObjects: 0.150100 ms CreateObjectMapping: 0.038500 ms MarkObjects: 1.279900 ms  DeleteObjects: 0.080200 ms)

========================================================================
Received Import Request.
  path: Assets/Scripts/DoorMotion.cs
  artifactKey: Guid(5e1bba60f78300843b5940431a02a399) Importer(815301076,1909f56bfc062723c751e8b465ee728b)
Start importing Assets/Scripts/DoorMotion.cs using Guid(5e1bba60f78300843b5940431a02a399) Importer(815301076,1909f56bfc062723c751e8b465ee728b)  -> (artifact id: '71da08eac98f97662c4cf9c337ec6d5c') in 0.024102 seconds
  Import took 0.025996 seconds .

========================================================================
Received Import Request.
  Time since last request: 6.091575 seconds.
  path: Assets/Scripts/DoorMotion.cs
  artifactKey: Guid(5e1bba60f78300843b5940431a02a399) Importer(815301076,1909f56bfc062723c751e8b465ee728b)
Start importing Assets/Scripts/DoorMotion.cs using Guid(5e1bba60f78300843b5940431a02a399) Importer(815301076,1909f56bfc062723c751e8b465ee728b)  -> (artifact id: '59da0bb88e12beeccc4d1ae00cb79044') in 0.002184 seconds
  Import took 0.004190 seconds .

========================================================================
Received Import Request.
  Time since last request: 10.517866 seconds.
  path: Assets/Scripts/DoorMotion.cs
  artifactKey: Guid(5e1bba60f78300843b5940431a02a399) Importer(815301076,1909f56bfc062723c751e8b465ee728b)
Start importing Assets/Scripts/DoorMotion.cs using Guid(5e1bba60f78300843b5940431a02a399) Importer(815301076,1909f56bfc062723c751e8b465ee728b)  -> (artifact id: '7ed6edae9c0b7b7943a83ac693cb82e7') in 0.001928 seconds
  Import took 0.004076 seconds .

========================================================================
Received Import Request.
  Time since last request: 13.313780 seconds.
  path: Assets/Scripts/DoorMotion.cs
  artifactKey: Guid(5e1bba60f78300843b5940431a02a399) Importer(815301076,1909f56bfc062723c751e8b465ee728b)
Start importing Assets/Scripts/DoorMotion.cs using Guid(5e1bba60f78300843b5940431a02a399) Importer(815301076,1909f56bfc062723c751e8b465ee728b)  -> (artifact id: '1ce8aaa13dabcffe525a02b44c321783') in 0.002262 seconds
  Import took 0.004291 seconds .

========================================================================
Received Prepare
Registering precompiled user dll's ...
Registered in 0.000757 seconds.
Begin MonoManager ReloadAssembly
Native extension for LinuxStandalone target not found
Native extension for WindowsStandalone target not found
Native extension for OSXStandalone target not found
Refreshing native plugins compatible for Editor in 0.23 ms, found 0 plugins.
Preloading 0 native plugins for Editor in 0.00 ms.
Invoked RoslynAnalysisRunner static constructor.
RoslynAnalysisRunner will not be running.
RoslynAnalysisRunner has terminated.
Mono: successfully reloaded assembly
- Completed reload, in  0.884 seconds
Platform modules already initialized, skipping
Refreshing native plugins compatible for Editor in 0.23 ms, found 0 plugins.
Preloading 0 native plugins for Editor in 0.00 ms.
Unloading 1117 Unused Serialized files (Serialized files now loaded: 0)
System memory in use before: 60.2 MB.
System memory in use after: 60.3 MB.

Unloading 4 unused Assets to reduce memory usage. Loaded Objects now: 1579.
Total: 2.155200 ms (FindLiveObjects: 0.130100 ms CreateObjectMapping: 0.035500 ms MarkObjects: 1.975000 ms  DeleteObjects: 0.014000 ms)

========================================================================
Received Prepare
Registering precompiled user dll's ...
Registered in 0.001290 seconds.
Begin MonoManager ReloadAssembly
Native extension for LinuxStandalone target not found
Native extension for WindowsStandalone target not found
Native extension for OSXStandalone target not found
Refreshing native plugins compatible for Editor in 0.22 ms, found 0 plugins.
Preloading 0 native plugins for Editor in 0.00 ms.
Invoked RoslynAnalysisRunner static constructor.
RoslynAnalysisRunner will not be running.
RoslynAnalysisRunner has terminated.
Mono: successfully reloaded assembly
- Completed reload, in  0.826 seconds
Platform modules already initialized, skipping
Refreshing native plugins compatible for Editor in 0.24 ms, found 0 plugins.
Preloading 0 native plugins for Editor in 0.00 ms.
Unloading 1117 Unused Serialized files (Serialized files now loaded: 0)
System memory in use before: 60.2 MB.
System memory in use after: 60.3 MB.

Unloading 4 unused Assets to reduce memory usage. Loaded Objects now: 1582.
Total: 1.673400 ms (FindLiveObjects: 0.150600 ms CreateObjectMapping: 0.042000 ms MarkObjects: 1.459700 ms  DeleteObjects: 0.018400 ms)

========================================================================
Received Prepare
Registering precompiled user dll's ...
Registered in 0.002399 seconds.
Begin MonoManager ReloadAssembly
Native extension for LinuxStandalone target not found
Native extension for WindowsStandalone target not found
Native extension for OSXStandalone target not found
Refreshing native plugins compatible for Editor in 0.22 ms, found 0 plugins.
Preloading 0 native plugins for Editor in 0.00 ms.
Invoked RoslynAnalysisRunner static constructor.
RoslynAnalysisRunner will not be running.
RoslynAnalysisRunner has terminated.
Mono: successfully reloaded assembly
- Completed reload, in  1.043 seconds
Platform modules already initialized, skipping
Refreshing native plugins compatible for Editor in 0.26 ms, found 0 plugins.
Preloading 0 native plugins for Editor in 0.00 ms.
Unloading 1117 Unused Serialized files (Serialized files now loaded: 0)
System memory in use before: 60.2 MB.
System memory in use after: 60.3 MB.

Unloading 4 unused Assets to reduce memory usage. Loaded Objects now: 1585.
Total: 2.857000 ms (FindLiveObjects: 0.236300 ms CreateObjectMapping: 0.072500 ms MarkObjects: 2.520100 ms  DeleteObjects: 0.026100 ms)

========================================================================
Received Import Request.
  Time since last request: 453.309420 seconds.
  path: Assets/Asset Packs
  artifactKey: Guid(884439b27e96aaf4fb64815cde8f7d9e) Importer(815301076,1909f56bfc062723c751e8b465ee728b)
Start importing Assets/Asset Packs using Guid(884439b27e96aaf4fb64815cde8f7d9e) Importer(815301076,1909f56bfc062723c751e8b465ee728b)  -> (artifact id: 'f8f688f83f74b01c3ad13bc8b2175971') in 0.003922 seconds
  Import took 0.006198 seconds .

========================================================================
Received Import Request.
  Time since last request: 50.309393 seconds.
  path: Assets/Sounds
  artifactKey: Guid(bfa048f05a42e1c4ab6136cd3ca21004) Importer(815301076,1909f56bfc062723c751e8b465ee728b)
Start importing Assets/Sounds using Guid(bfa048f05a42e1c4ab6136cd3ca21004) Importer(815301076,1909f56bfc062723c751e8b465ee728b)  -> (artifact id: '461bc1fb7c62fb57783fb1444db53675') in 0.002057 seconds
  Import took 0.004445 seconds .

========================================================================
Received Import Request.
  Time since last request: 7.034823 seconds.
  path: Assets/Sounds/Closing-Squeaky-Door-2-www.fesliyanstudios.com.mp3
  artifactKey: Guid(4250608948f23a64ebfb3a9b590fb58e) Importer(815301076,1909f56bfc062723c751e8b465ee728b)
Start importing Assets/Sounds/Closing-Squeaky-Door-2-www.fesliyanstudios.com.mp3 using Guid(4250608948f23a64ebfb3a9b590fb58e) Importer(815301076,1909f56bfc062723c751e8b465ee728b)  -> (artifact id: '01d88c7106a9b36ab9de93d26cfaf2f1') in 0.120219 seconds
  Import took 0.123657 seconds .

========================================================================
Received Import Request.
  Time since last request: 0.000192 seconds.
  path: Assets/Sounds/Door-sqeaking-opening-sqeak-3-www.FesliyanStudios.com.mp3
  artifactKey: Guid(eef4799eb745dca4e8bdcb2aad5a1cee) Importer(815301076,1909f56bfc062723c751e8b465ee728b)
Start importing Assets/Sounds/Door-sqeaking-opening-sqeak-3-www.FesliyanStudios.com.mp3 using Guid(eef4799eb745dca4e8bdcb2aad5a1cee) Importer(815301076,1909f56bfc062723c751e8b465ee728b)  -> (artifact id: '7c73c357d00e9f2c1875d64bba987c3b') in 0.006757 seconds
  Import took 0.008594 seconds .

========================================================================
Received Import Request.
  Time since last request: 0.000298 seconds.
  path: Assets/Sounds/folding-door-open-1.mp3
  artifactKey: Guid(d1889e56acdc5524392940ade9177fb3) Importer(815301076,1909f56bfc062723c751e8b465ee728b)
Start importing Assets/Sounds/folding-door-open-1.mp3 using Guid(d1889e56acdc5524392940ade9177fb3) Importer(815301076,1909f56bfc062723c751e8b465ee728b)  -> (artifact id: '37710f636cac6d0a12457b0cc5024894') in 0.005968 seconds
  Import took 0.008054 seconds .

========================================================================
Received Import Request.
  Time since last request: 0.000289 seconds.
  path: Assets/Sounds/folding-door-close-1.mp3
  artifactKey: Guid(454fe6a10afa86e41847b1213aaecd2c) Importer(815301076,1909f56bfc062723c751e8b465ee728b)
Start importing Assets/Sounds/folding-door-close-1.mp3 using Guid(454fe6a10afa86e41847b1213aaecd2c) Importer(815301076,1909f56bfc062723c751e8b465ee728b)  -> (artifact id: '704b4c0e609d26f8cc72954898de3a6b') in 0.007042 seconds
  Import took 0.008643 seconds .

========================================================================
Received Prepare
Registering precompiled user dll's ...
Registered in 0.000804 seconds.
Begin MonoManager ReloadAssembly
Native extension for LinuxStandalone target not found
Native extension for WindowsStandalone target not found
Native extension for OSXStandalone target not found
Refreshing native plugins compatible for Editor in 0.37 ms, found 0 plugins.
Preloading 0 native plugins for Editor in 0.00 ms.
Invoked RoslynAnalysisRunner static constructor.
RoslynAnalysisRunner will not be running.
RoslynAnalysisRunner has terminated.
Mono: successfully reloaded assembly
- Completed reload, in  1.040 seconds
Platform modules already initialized, skipping
Refreshing native plugins compatible for Editor in 0.23 ms, found 0 plugins.
Preloading 0 native plugins for Editor in 0.00 ms.
Unloading 1117 Unused Serialized files (Serialized files now loaded: 0)
System memory in use before: 63.4 MB.
System memory in use after: 63.5 MB.

Unloading 4 unused Assets to reduce memory usage. Loaded Objects now: 1597.
Total: 1.543600 ms (FindLiveObjects: 0.126600 ms CreateObjectMapping: 0.032400 ms MarkObjects: 1.370800 ms  DeleteObjects: 0.012900 ms)

========================================================================
Received Import Request.
  Time since last request: 206.070516 seconds.
  path: Assets/Prefabs/BathroomDoor.prefab
  artifactKey: Guid(febf8d4beb1d22e46827043bb360e88f) Importer(815301076,1909f56bfc062723c751e8b465ee728b)
Start importing Assets/Prefabs/BathroomDoor.prefab using Guid(febf8d4beb1d22e46827043bb360e88f) Importer(815301076,1909f56bfc062723c751e8b465ee728b)  -> (artifact id: '80c2d106c23dc961db08f1a9f8496a3a') in 0.066699 seconds
  Import took 0.069127 seconds .

========================================================================
Received Import Request.
  Time since last request: 0.000267 seconds.
  path: Assets/Prefabs/DoorWithHinge.prefab
  artifactKey: Guid(044831ad4d1f8cf45af0fca535b4b6cb) Importer(815301076,1909f56bfc062723c751e8b465ee728b)
Start importing Assets/Prefabs/DoorWithHinge.prefab using Guid(044831ad4d1f8cf45af0fca535b4b6cb) Importer(815301076,1909f56bfc062723c751e8b465ee728b)  -> (artifact id: '0d26cd8a8f0ae8f5fa5b4af91dee0098') in 0.009317 seconds
  Import took 0.011560 seconds .

========================================================================
Received Prepare
Registering precompiled user dll's ...
Registered in 0.000968 seconds.
Begin MonoManager ReloadAssembly
Native extension for LinuxStandalone target not found
Native extension for WindowsStandalone target not found
Native extension for OSXStandalone target not found
Refreshing native plugins compatible for Editor in 0.22 ms, found 0 plugins.
Preloading 0 native plugins for Editor in 0.00 ms.
Invoked RoslynAnalysisRunner static constructor.
RoslynAnalysisRunner will not be running.
RoslynAnalysisRunner has terminated.
Mono: successfully reloaded assembly
- Completed reload, in  0.839 seconds
Platform modules already initialized, skipping
Refreshing native plugins compatible for Editor in 0.23 ms, found 0 plugins.
Preloading 0 native plugins for Editor in 0.00 ms.
Unloading 1117 Unused Serialized files (Serialized files now loaded: 0)
System memory in use before: 63.4 MB.
System memory in use after: 63.5 MB.

Unloading 4 unused Assets to reduce memory usage. Loaded Objects now: 1602.
Total: 1.704600 ms (FindLiveObjects: 0.122400 ms CreateObjectMapping: 0.030900 ms MarkObjects: 1.539100 ms  DeleteObjects: 0.011300 ms)

========================================================================
Received Import Request.
  Time since last request: 17.342948 seconds.
  path: Assets/Prefabs/DoorWithHinge.prefab
  artifactKey: Guid(044831ad4d1f8cf45af0fca535b4b6cb) Importer(815301076,1909f56bfc062723c751e8b465ee728b)
Start importing Assets/Prefabs/DoorWithHinge.prefab using Guid(044831ad4d1f8cf45af0fca535b4b6cb) Importer(815301076,1909f56bfc062723c751e8b465ee728b)  -> (artifact id: 'd5def1e1e3e83f2d746b647e6f356b26') in 0.059723 seconds
  Import took 0.064035 seconds .

AssetImportWorkerClient::OnTransportError - code=2 error=End of file
